<?xml version="1.0" encoding="UTF-8"?>
<testsuite name="com.microservice.alimentos.alimentos.AlimentosApplicationTests" tests="1" skipped="0" failures="0" errors="0" timestamp="2022-07-23T18:22:53" hostname="DESKTOP-2KHVQLJ" time="0.135">
  <properties/>
  <testcase name="contextLoads()" classname="com.microservice.alimentos.alimentos.AlimentosApplicationTests" time="0.135"/>
  <system-out><![CDATA[13:22:44.216 [Test worker] DEBUG org.springframework.test.context.BootstrapUtils - Instantiating CacheAwareContextLoaderDelegate from class [org.springframework.test.context.cache.DefaultCacheAwareContextLoaderDelegate]
13:22:44.228 [Test worker] DEBUG org.springframework.test.context.BootstrapUtils - Instantiating BootstrapContext using constructor [public org.springframework.test.context.support.DefaultBootstrapContext(java.lang.Class,org.springframework.test.context.CacheAwareContextLoaderDelegate)]
13:22:44.263 [Test worker] DEBUG org.springframework.test.context.BootstrapUtils - Instantiating TestContextBootstrapper for test class [com.microservice.alimentos.alimentos.AlimentosApplicationTests] from class [org.springframework.boot.test.context.SpringBootTestContextBootstrapper]
13:22:44.274 [Test worker] INFO org.springframework.boot.test.context.SpringBootTestContextBootstrapper - Neither @ContextConfiguration nor @ContextHierarchy found for test class [com.microservice.alimentos.alimentos.AlimentosApplicationTests], using SpringBootContextLoader
13:22:44.279 [Test worker] DEBUG org.springframework.test.context.support.AbstractContextLoader - Did not detect default resource location for test class [com.microservice.alimentos.alimentos.AlimentosApplicationTests]: class path resource [com/microservice/alimentos/alimentos/AlimentosApplicationTests-context.xml] does not exist
13:22:44.281 [Test worker] DEBUG org.springframework.test.context.support.AbstractContextLoader - Did not detect default resource location for test class [com.microservice.alimentos.alimentos.AlimentosApplicationTests]: class path resource [com/microservice/alimentos/alimentos/AlimentosApplicationTestsContext.groovy] does not exist
13:22:44.281 [Test worker] INFO org.springframework.test.context.support.AbstractContextLoader - Could not detect default resource locations for test class [com.microservice.alimentos.alimentos.AlimentosApplicationTests]: no resource found for suffixes {-context.xml, Context.groovy}.
13:22:44.282 [Test worker] INFO org.springframework.test.context.support.AnnotationConfigContextLoaderUtils - Could not detect default configuration classes for test class [com.microservice.alimentos.alimentos.AlimentosApplicationTests]: AlimentosApplicationTests does not declare any static, non-private, non-final, nested classes annotated with @Configuration.
13:22:44.336 [Test worker] DEBUG org.springframework.test.context.support.ActiveProfilesUtils - Could not find an 'annotation declaring class' for annotation type [org.springframework.test.context.ActiveProfiles] and class [com.microservice.alimentos.alimentos.AlimentosApplicationTests]
13:22:44.403 [Test worker] DEBUG org.springframework.context.annotation.ClassPathScanningCandidateComponentProvider - Identified candidate component class: file [D:\BackEnd\SpringBoot\MicroServicio Registro alimenticio\alimentos\build\classes\java\main\com\microservice\alimentos\alimentos\AlimentosApplication.class]
13:22:44.404 [Test worker] INFO org.springframework.boot.test.context.SpringBootTestContextBootstrapper - Found @SpringBootConfiguration com.microservice.alimentos.alimentos.AlimentosApplication for test class com.microservice.alimentos.alimentos.AlimentosApplicationTests
13:22:44.501 [Test worker] DEBUG org.springframework.boot.test.context.SpringBootTestContextBootstrapper - @TestExecutionListeners is not present for class [com.microservice.alimentos.alimentos.AlimentosApplicationTests]: using defaults.
13:22:44.502 [Test worker] INFO org.springframework.boot.test.context.SpringBootTestContextBootstrapper - Loaded default TestExecutionListener class names from location [META-INF/spring.factories]: [org.springframework.boot.test.autoconfigure.restdocs.RestDocsTestExecutionListener, org.springframework.boot.test.autoconfigure.web.client.MockRestServiceServerResetTestExecutionListener, org.springframework.boot.test.autoconfigure.web.servlet.MockMvcPrintOnlyOnFailureTestExecutionListener, org.springframework.boot.test.autoconfigure.web.servlet.WebDriverTestExecutionListener, org.springframework.boot.test.autoconfigure.webservices.client.MockWebServiceServerTestExecutionListener, org.springframework.boot.test.mock.mockito.MockitoTestExecutionListener, org.springframework.boot.test.mock.mockito.ResetMocksTestExecutionListener, org.springframework.test.context.web.ServletTestExecutionListener, org.springframework.test.context.support.DirtiesContextBeforeModesTestExecutionListener, org.springframework.test.context.event.ApplicationEventsTestExecutionListener, org.springframework.test.context.support.DependencyInjectionTestExecutionListener, org.springframework.test.context.support.DirtiesContextTestExecutionListener, org.springframework.test.context.transaction.TransactionalTestExecutionListener, org.springframework.test.context.jdbc.SqlScriptsTestExecutionListener, org.springframework.test.context.event.EventPublishingTestExecutionListener]
13:22:44.520 [Test worker] INFO org.springframework.boot.test.context.SpringBootTestContextBootstrapper - Using TestExecutionListeners: [org.springframework.test.context.web.ServletTestExecutionListener@3abd581e, org.springframework.test.context.support.DirtiesContextBeforeModesTestExecutionListener@4d4d8fcf, org.springframework.test.context.event.ApplicationEventsTestExecutionListener@610db97e, org.springframework.boot.test.mock.mockito.MockitoTestExecutionListener@6f0628de, org.springframework.boot.test.autoconfigure.SpringBootDependencyInjectionTestExecutionListener@3fabf088, org.springframework.test.context.support.DirtiesContextTestExecutionListener@1e392345, org.springframework.test.context.transaction.TransactionalTestExecutionListener@12f3afb5, org.springframework.test.context.jdbc.SqlScriptsTestExecutionListener@4ced35ed, org.springframework.test.context.event.EventPublishingTestExecutionListener@2c22a348, org.springframework.boot.test.autoconfigure.restdocs.RestDocsTestExecutionListener@7bd69e82, org.springframework.boot.test.autoconfigure.web.client.MockRestServiceServerResetTestExecutionListener@74d7184a, org.springframework.boot.test.autoconfigure.web.servlet.MockMvcPrintOnlyOnFailureTestExecutionListener@51b01960, org.springframework.boot.test.autoconfigure.web.servlet.WebDriverTestExecutionListener@6831d8fd, org.springframework.boot.test.autoconfigure.webservices.client.MockWebServiceServerTestExecutionListener@27dc79f7, org.springframework.boot.test.mock.mockito.ResetMocksTestExecutionListener@6b85300e]
13:22:44.523 [Test worker] DEBUG org.springframework.test.context.support.AbstractDirtiesContextTestExecutionListener - Before test class: context [DefaultTestContext@7561db12 testClass = AlimentosApplicationTests, testInstance = [null], testMethod = [null], testException = [null], mergedContextConfiguration = [WebMergedContextConfiguration@3301500b testClass = AlimentosApplicationTests, locations = '{}', classes = '{class com.microservice.alimentos.alimentos.AlimentosApplication}', contextInitializerClasses = '[]', activeProfiles = '{}', propertySourceLocations = '{}', propertySourceProperties = '{org.springframework.boot.test.context.SpringBootTestContextBootstrapper=true}', contextCustomizers = set[org.springframework.boot.test.autoconfigure.actuate.metrics.MetricsExportContextCustomizerFactory$DisableMetricExportContextCustomizer@6821ea29, org.springframework.boot.test.autoconfigure.properties.PropertyMappingContextCustomizer@0, org.springframework.boot.test.autoconfigure.web.servlet.WebDriverContextCustomizerFactory$Customizer@1c7fd41f, org.springframework.boot.test.context.filter.ExcludeFilterContextCustomizer@662f5666, org.springframework.boot.test.json.DuplicateJsonObjectContextCustomizerFactory$DuplicateJsonObjectContextCustomizer@502f1f4c, org.springframework.boot.test.mock.mockito.MockitoContextCustomizer@0, org.springframework.boot.test.web.client.TestRestTemplateContextCustomizer@4cc6fa2a, org.springframework.boot.test.context.SpringBootTestArgs@1, org.springframework.boot.test.context.SpringBootTestWebEnvironment@6f3187b0], resourceBasePath = 'src/main/webapp', contextLoader = 'org.springframework.boot.test.context.SpringBootContextLoader', parent = [null]], attributes = map['org.springframework.test.context.web.ServletTestExecutionListener.activateListener' -> true]], class annotated with @DirtiesContext [false] with mode [null].

  .   ____          _            __ _ _
 /\\ / ___'_ __ _ _(_)_ __  __ _ \ \ \ \
( ( )\___ | '_ | '_| | '_ \/ _` | \ \ \ \
 \\/  ___)| |_)| | | | | || (_| |  ) ) ) )
  '  |____| .__|_| |_|_| |_\__, | / / / /
 =========|_|==============|___/=/_/_/_/
 :: Spring Boot ::                (v2.7.1)

2022-07-23 13:22:45.161  INFO 17144 --- [    Test worker] c.m.a.a.AlimentosApplicationTests        : Starting AlimentosApplicationTests using Java 11.0.15 on DESKTOP-2KHVQLJ with PID 17144 (started by chris in D:\BackEnd\SpringBoot\MicroServicio Registro alimenticio\alimentos)
2022-07-23 13:22:45.163  INFO 17144 --- [    Test worker] c.m.a.a.AlimentosApplicationTests        : No active profile set, falling back to 1 default profile: "default"
2022-07-23 13:22:46.106  INFO 17144 --- [    Test worker] .s.d.r.c.RepositoryConfigurationDelegate : Bootstrapping Spring Data JPA repositories in DEFAULT mode.
2022-07-23 13:22:46.155  INFO 17144 --- [    Test worker] .s.d.r.c.RepositoryConfigurationDelegate : Finished Spring Data repository scanning in 42 ms. Found 1 JPA repository interfaces.
2022-07-23 13:22:46.362  INFO 17144 --- [    Test worker] o.s.cloud.context.scope.GenericScope     : BeanFactory id=f9e1ad8b-a52a-3517-a9a1-a144733a579c
2022-07-23 13:22:47.155  INFO 17144 --- [    Test worker] o.hibernate.jpa.internal.util.LogHelper  : HHH000204: Processing PersistenceUnitInfo [name: default]
2022-07-23 13:22:47.226  INFO 17144 --- [    Test worker] org.hibernate.Version                    : HHH000412: Hibernate ORM core version 5.6.9.Final
2022-07-23 13:22:47.457  INFO 17144 --- [    Test worker] o.hibernate.annotations.common.Version   : HCANN000001: Hibernate Commons Annotations {5.1.2.Final}
2022-07-23 13:22:47.592  INFO 17144 --- [    Test worker] com.zaxxer.hikari.HikariDataSource       : HikariPool-1 - Starting...
2022-07-23 13:22:49.136  INFO 17144 --- [    Test worker] com.zaxxer.hikari.HikariDataSource       : HikariPool-1 - Start completed.
2022-07-23 13:22:49.155  INFO 17144 --- [    Test worker] org.hibernate.dialect.Dialect            : HHH000400: Using dialect: org.hibernate.dialect.PostgreSQLDialect
2022-07-23 13:22:50.424  INFO 17144 --- [    Test worker] o.h.e.t.j.p.i.JtaPlatformInitiator       : HHH000490: Using JtaPlatform implementation: [org.hibernate.engine.transaction.jta.platform.internal.NoJtaPlatform]
2022-07-23 13:22:50.432  INFO 17144 --- [    Test worker] j.LocalContainerEntityManagerFactoryBean : Initialized JPA EntityManagerFactory for persistence unit 'default'
2022-07-23 13:22:51.485  WARN 17144 --- [    Test worker] JpaBaseConfiguration$JpaWebConfiguration : spring.jpa.open-in-view is enabled by default. Therefore, database queries may be performed during view rendering. Explicitly configure spring.jpa.open-in-view to disable this warning
2022-07-23 13:22:52.219  INFO 17144 --- [    Test worker] o.s.b.a.w.s.WelcomePageHandlerMapping    : Adding welcome page: class path resource [static/index.html]
2022-07-23 13:22:53.534  INFO 17144 --- [    Test worker] o.s.m.s.b.SimpleBrokerMessageHandler     : Starting...
2022-07-23 13:22:53.535  INFO 17144 --- [    Test worker] o.s.m.s.b.SimpleBrokerMessageHandler     : BrokerAvailabilityEvent[available=true, SimpleBrokerMessageHandler [DefaultSubscriptionRegistry[cache[0 destination(s)], registry[0 sessions]]]]
2022-07-23 13:22:53.536  INFO 17144 --- [    Test worker] o.s.m.s.b.SimpleBrokerMessageHandler     : Started.
2022-07-23 13:22:53.548  INFO 17144 --- [    Test worker] c.m.a.a.AlimentosApplicationTests        : Started AlimentosApplicationTests in 8.974 seconds (JVM running for 10.383)
]]></system-out>
  <system-err><![CDATA[]]></system-err>
</testsuite>
